[2022-07-02T13:21:31.531] [DEBUG] siges_seguridad - Servidor funcionando correctamente en el puerto: 3003
[2022-07-02T13:23:06.241] [DEBUG] siges_seguridad - query: select U."Id",  U."Usuario", U."Email", XUC."Clave"  from sistemas.usuario U  inner join ( select UC.* from ( select "UsuarioId", "Clave", MAX("Id") as "Id" from sistemas.usuario_clave uc  where uc."EstadoId" = 1 group by "UsuarioId", "Clave" ) SUC  inner join sistemas.usuario_clave UC on SUC."Id" = UC."Id" ) XUC on U."Id" = XUC."UsuarioId"  where U."EstadoId" = 1 and U."CodEstadoUsuario" = 1 and  upper(U."Usuario") =  ? and  XUC."Clave" = ?
[2022-07-02T13:23:06.244] [DEBUG] siges_seguridad - sUsuario: JOSEDAVID
[2022-07-02T13:23:06.245] [DEBUG] siges_seguridad - sClave: 5825915c252537f992c064c10e4c2b132bd62ea9
[2022-07-02T13:23:06.468] [DEBUG] siges_seguridad - aLista: 1
[2022-07-02T13:24:03.544] [DEBUG] siges_seguridad - Servidor funcionando correctamente en el puerto: 3003
[2022-07-02T13:24:04.396] [DEBUG] siges_seguridad - query: select U."Id",  U."Usuario", U."Email", XUC."Clave"  from sistemas.usuario U  inner join ( select UC.* from ( select "UsuarioId", "Clave", MAX("Id") as "Id" from sistemas.usuario_clave uc  where uc."EstadoId" = 1 group by "UsuarioId", "Clave" ) SUC  inner join sistemas.usuario_clave UC on SUC."Id" = UC."Id" ) XUC on U."Id" = XUC."UsuarioId"  where U."EstadoId" = 1 and U."CodEstadoUsuario" = 1 and  upper(U."Usuario") =  ? and  XUC."Clave" = ?
[2022-07-02T13:24:04.397] [DEBUG] siges_seguridad - sUsuario: JOSEDAVID
[2022-07-02T13:24:04.397] [DEBUG] siges_seguridad - sClave: 5825915c252537f992c064c10e4c2b132bd62ea9
[2022-07-02T13:24:04.421] [DEBUG] siges_seguridad - aLista: 1
[2022-07-02T13:26:11.176] [DEBUG] siges_seguridad - Servidor funcionando correctamente en el puerto: 3003
[2022-07-02T13:26:14.484] [DEBUG] siges_seguridad - query: select U."Id",  U."Usuario", U."Email", XUC."Clave"  from sistemas.usuario U  inner join ( select UC.* from ( select "UsuarioId", "Clave", MAX("Id") as "Id" from sistemas.usuario_clave uc  where uc."EstadoId" = 1 group by "UsuarioId", "Clave" ) SUC  inner join sistemas.usuario_clave UC on SUC."Id" = UC."Id" ) XUC on U."Id" = XUC."UsuarioId"  where U."EstadoId" = 1 and U."CodEstadoUsuario" = 1 and  upper(U."Usuario") =  ? and  XUC."Clave" = ?
[2022-07-02T13:26:14.485] [DEBUG] siges_seguridad - sUsuario: JOSEDAVID
[2022-07-02T13:26:14.485] [DEBUG] siges_seguridad - sClave: 5825915c252537f992c064c10e4c2b132bd62ea9
[2022-07-02T13:26:14.510] [DEBUG] siges_seguridad - aLista: 1
[2022-07-02T13:26:43.857] [DEBUG] siges_seguridad - Servidor funcionando correctamente en el puerto: 3003
[2022-07-02T13:26:46.001] [DEBUG] siges_seguridad - query: select U."Id",  U."Usuario", U."Email", XUC."Clave"  from sistemas.usuario U  inner join ( select UC.* from ( select "UsuarioId", "Clave", MAX("Id") as "Id" from sistemas.usuario_clave uc  where uc."EstadoId" = 1 group by "UsuarioId", "Clave" ) SUC  inner join sistemas.usuario_clave UC on SUC."Id" = UC."Id" ) XUC on U."Id" = XUC."UsuarioId"  where U."EstadoId" = 1 and U."CodEstadoUsuario" = 1 and  upper(U."Usuario") =  ? and  XUC."Clave" = ?
[2022-07-02T13:26:46.002] [DEBUG] siges_seguridad - sUsuario: JOSEDAVID
[2022-07-02T13:26:46.006] [DEBUG] siges_seguridad - sClave: 5825915c252537f992c064c10e4c2b132bd62ea9
[2022-07-02T13:26:46.034] [DEBUG] siges_seguridad - aLista: 1
[2022-07-02T13:27:34.908] [DEBUG] siges_seguridad - query: select U."Id",  U."Usuario", U."Email", XUC."Clave"  from sistemas.usuario U  inner join ( select UC.* from ( select "UsuarioId", "Clave", MAX("Id") as "Id" from sistemas.usuario_clave uc  where uc."EstadoId" = 1 group by "UsuarioId", "Clave" ) SUC  inner join sistemas.usuario_clave UC on SUC."Id" = UC."Id" ) XUC on U."Id" = XUC."UsuarioId"  where U."EstadoId" = 1 and U."CodEstadoUsuario" = 1 and  upper(U."Usuario") =  ? and  XUC."Clave" = ?
[2022-07-02T13:27:34.908] [DEBUG] siges_seguridad - sUsuario: JOSEDAVID
[2022-07-02T13:27:34.909] [DEBUG] siges_seguridad - sClave: 5825915c252537f992c064c10e4c2b132bd62ea9
[2022-07-02T13:27:35.163] [DEBUG] siges_seguridad - aLista: 1
[2022-07-02T15:13:08.155] [DEBUG] siges_seguridad - query: select U."Id",  U."Usuario", U."Email", XUC."Clave"  from sistemas.usuario U  inner join ( select UC.* from ( select "UsuarioId", "Clave", MAX("Id") as "Id" from sistemas.usuario_clave uc  where uc."EstadoId" = 1 group by "UsuarioId", "Clave" ) SUC  inner join sistemas.usuario_clave UC on SUC."Id" = UC."Id" ) XUC on U."Id" = XUC."UsuarioId"  where U."EstadoId" = 1 and U."CodEstadoUsuario" = 1 and  upper(U."Usuario") =  ? and  XUC."Clave" = ?
[2022-07-02T15:13:08.158] [DEBUG] siges_seguridad - sUsuario: JOSEDAVID
[2022-07-02T15:13:08.158] [DEBUG] siges_seguridad - sClave: 5825915c252537f992c064c10e4c2b132bd62ea9
[2022-07-02T15:13:08.643] [DEBUG] siges_seguridad - aLista: 1
[2022-07-02T18:52:59.210] [DEBUG] siges_seguridad - query: select U."Id",  U."Usuario", U."Email", XUC."Clave"  from sistemas.usuario U  inner join ( select UC.* from ( select "UsuarioId", "Clave", MAX("Id") as "Id" from sistemas.usuario_clave uc  where uc."EstadoId" = 1 group by "UsuarioId", "Clave" ) SUC  inner join sistemas.usuario_clave UC on SUC."Id" = UC."Id" ) XUC on U."Id" = XUC."UsuarioId"  where U."EstadoId" = 1 and U."CodEstadoUsuario" = 1 and  upper(U."Usuario") =  ? and  XUC."Clave" = ?
[2022-07-02T18:52:59.211] [DEBUG] siges_seguridad - sUsuario: JOSEDAVID
[2022-07-02T18:52:59.211] [DEBUG] siges_seguridad - sClave: 5825915c252537f992c064c10e4c2b132bd62ea9
[2022-07-02T18:52:59.529] [DEBUG] siges_seguridad - aLista: 1
[2022-07-02T19:02:03.188] [DEBUG] siges_seguridad - query: select U."Id",  U."Usuario", U."Email", XUC."Clave"  from sistemas.usuario U  inner join ( select UC.* from ( select "UsuarioId", "Clave", MAX("Id") as "Id" from sistemas.usuario_clave uc  where uc."EstadoId" = 1 group by "UsuarioId", "Clave" ) SUC  inner join sistemas.usuario_clave UC on SUC."Id" = UC."Id" ) XUC on U."Id" = XUC."UsuarioId"  where U."EstadoId" = 1 and U."CodEstadoUsuario" = 1 and  upper(U."Usuario") =  ? and  XUC."Clave" = ?
[2022-07-02T19:02:03.188] [DEBUG] siges_seguridad - sUsuario: JOSEDAVID
[2022-07-02T19:02:03.188] [DEBUG] siges_seguridad - sClave: 5825915c252537f992c064c10e4c2b132bd62ea9
[2022-07-02T19:02:03.375] [DEBUG] siges_seguridad - aLista: 1
